2024-11-03 16:19:30,115 CRIT Supervisor is running as root.  Privileges were not dropped because no user is specified in the config file.  If you intend to run as root, you can set user=root in the config file to avoid this message.
2024-11-03 16:19:30,116 INFO Included extra file "/opt/docker/etc/supervisor.d/apache.conf" during parsing
2024-11-03 16:19:30,117 INFO Included extra file "/opt/docker/etc/supervisor.d/blackfire-agent.conf" during parsing
2024-11-03 16:19:30,117 INFO Included extra file "/opt/docker/etc/supervisor.d/cron.conf" during parsing
2024-11-03 16:19:30,117 INFO Included extra file "/opt/docker/etc/supervisor.d/dnsmasq.conf" during parsing
2024-11-03 16:19:30,117 INFO Included extra file "/opt/docker/etc/supervisor.d/php-fpm.conf" during parsing
2024-11-03 16:19:30,117 INFO Included extra file "/opt/docker/etc/supervisor.d/postfix.conf" during parsing
2024-11-03 16:19:30,117 INFO Included extra file "/opt/docker/etc/supervisor.d/ssh.conf" during parsing
2024-11-03 16:19:30,117 INFO Included extra file "/opt/docker/etc/supervisor.d/syslog.conf" during parsing
2024-11-03 16:19:30,295 INFO RPC interface 'supervisor' initialized
2024-11-03 16:19:30,295 INFO supervisord started with pid 75
2024-11-03 16:19:31,298 INFO spawned: 'syslogd' with pid 76
2024-11-03 16:19:31,302 INFO spawned: 'apached' with pid 77
2024-11-03 16:19:31,305 INFO spawned: 'php-fpmd' with pid 78
2024-11-03 16:19:31,314 INFO spawned: 'crond' with pid 81
2024-11-03 16:19:31,317 INFO spawned: 'postfixd' with pid 83
2024-11-03 16:19:31,332 INFO spawned: 'sshd' with pid 84
2024-11-03 16:19:31,336 INFO success: apached entered RUNNING state, process has stayed up for > than 0 seconds (startsecs)
2024-11-03 16:19:31,336 INFO success: php-fpmd entered RUNNING state, process has stayed up for > than 0 seconds (startsecs)
2024-11-03 16:19:31,337 INFO success: crond entered RUNNING state, process has stayed up for > than 0 seconds (startsecs)
2024-11-03 16:19:31,337 INFO success: postfixd entered RUNNING state, process has stayed up for > than 0 seconds (startsecs)
2024-11-03 16:19:31,337 INFO success: sshd entered RUNNING state, process has stayed up for > than 0 seconds (startsecs)
2024-11-03 16:19:32,506 INFO success: syslogd entered RUNNING state, process has stayed up for > than 1 seconds (startsecs)
2024-11-03 16:31:12,027 CRIT Supervisor is running as root.  Privileges were not dropped because no user is specified in the config file.  If you intend to run as root, you can set user=root in the config file to avoid this message.
2024-11-03 16:31:12,027 INFO Included extra file "/opt/docker/etc/supervisor.d/apache.conf" during parsing
2024-11-03 16:31:12,028 INFO Included extra file "/opt/docker/etc/supervisor.d/blackfire-agent.conf" during parsing
2024-11-03 16:31:12,028 INFO Included extra file "/opt/docker/etc/supervisor.d/cron.conf" during parsing
2024-11-03 16:31:12,030 INFO Included extra file "/opt/docker/etc/supervisor.d/dnsmasq.conf" during parsing
2024-11-03 16:31:12,030 INFO Included extra file "/opt/docker/etc/supervisor.d/php-fpm.conf" during parsing
2024-11-03 16:31:12,030 INFO Included extra file "/opt/docker/etc/supervisor.d/postfix.conf" during parsing
2024-11-03 16:31:12,030 INFO Included extra file "/opt/docker/etc/supervisor.d/ssh.conf" during parsing
2024-11-03 16:31:12,030 INFO Included extra file "/opt/docker/etc/supervisor.d/syslog.conf" during parsing
2024-11-03 16:31:12,036 INFO RPC interface 'supervisor' initialized
2024-11-03 16:31:12,037 INFO supervisord started with pid 76
2024-11-03 16:31:13,039 INFO spawned: 'syslogd' with pid 77
2024-11-03 16:31:13,043 INFO spawned: 'apached' with pid 78
2024-11-03 16:31:13,046 INFO spawned: 'php-fpmd' with pid 79
2024-11-03 16:31:13,053 INFO spawned: 'crond' with pid 80
2024-11-03 16:31:13,059 INFO spawned: 'postfixd' with pid 81
2024-11-03 16:31:13,062 INFO spawned: 'sshd' with pid 82
2024-11-03 16:31:13,067 INFO success: apached entered RUNNING state, process has stayed up for > than 0 seconds (startsecs)
2024-11-03 16:31:13,067 INFO success: php-fpmd entered RUNNING state, process has stayed up for > than 0 seconds (startsecs)
2024-11-03 16:31:13,067 INFO success: crond entered RUNNING state, process has stayed up for > than 0 seconds (startsecs)
2024-11-03 16:31:13,067 INFO success: postfixd entered RUNNING state, process has stayed up for > than 0 seconds (startsecs)
2024-11-03 16:31:13,067 INFO success: sshd entered RUNNING state, process has stayed up for > than 0 seconds (startsecs)
2024-11-03 16:31:14,624 INFO success: syslogd entered RUNNING state, process has stayed up for > than 1 seconds (startsecs)
2024-11-03 16:34:07,528 CRIT Supervisor is running as root.  Privileges were not dropped because no user is specified in the config file.  If you intend to run as root, you can set user=root in the config file to avoid this message.
2024-11-03 16:34:07,528 INFO Included extra file "/opt/docker/etc/supervisor.d/apache.conf" during parsing
2024-11-03 16:34:07,528 INFO Included extra file "/opt/docker/etc/supervisor.d/blackfire-agent.conf" during parsing
2024-11-03 16:34:07,528 INFO Included extra file "/opt/docker/etc/supervisor.d/cron.conf" during parsing
2024-11-03 16:34:07,529 INFO Included extra file "/opt/docker/etc/supervisor.d/dnsmasq.conf" during parsing
2024-11-03 16:34:07,529 INFO Included extra file "/opt/docker/etc/supervisor.d/php-fpm.conf" during parsing
2024-11-03 16:34:07,529 INFO Included extra file "/opt/docker/etc/supervisor.d/postfix.conf" during parsing
2024-11-03 16:34:07,529 INFO Included extra file "/opt/docker/etc/supervisor.d/ssh.conf" during parsing
2024-11-03 16:34:07,529 INFO Included extra file "/opt/docker/etc/supervisor.d/syslog.conf" during parsing
2024-11-03 16:34:07,560 INFO RPC interface 'supervisor' initialized
2024-11-03 16:34:07,560 INFO supervisord started with pid 75
2024-11-03 16:34:08,568 INFO spawned: 'syslogd' with pid 76
2024-11-03 16:34:08,571 INFO spawned: 'apached' with pid 77
2024-11-03 16:34:08,574 INFO spawned: 'php-fpmd' with pid 78
2024-11-03 16:34:08,580 INFO spawned: 'crond' with pid 79
2024-11-03 16:34:08,585 INFO spawned: 'postfixd' with pid 80
2024-11-03 16:34:08,588 INFO spawned: 'sshd' with pid 81
2024-11-03 16:34:08,592 INFO success: apached entered RUNNING state, process has stayed up for > than 0 seconds (startsecs)
2024-11-03 16:34:08,592 INFO success: php-fpmd entered RUNNING state, process has stayed up for > than 0 seconds (startsecs)
2024-11-03 16:34:08,592 INFO success: crond entered RUNNING state, process has stayed up for > than 0 seconds (startsecs)
2024-11-03 16:34:08,593 INFO success: postfixd entered RUNNING state, process has stayed up for > than 0 seconds (startsecs)
2024-11-03 16:34:08,593 INFO success: sshd entered RUNNING state, process has stayed up for > than 0 seconds (startsecs)
2024-11-03 16:34:10,176 INFO success: syslogd entered RUNNING state, process has stayed up for > than 1 seconds (startsecs)
